# JRE version: OpenJDK Runtime Environment (11.0.15) (build 11.0.15+0-b2043.56-8887301)
# Java VM: OpenJDK 64-Bit Server VM (11.0.15+0-b2043.56-8887301, mixed mode, tiered, compressed oops, g1 gc, windows-amd64)
Heap:
 garbage-first heap   total 839680K, used 385024K [0x0000000080000000, 0x0000000100000000)
  region size 1024K, 7 young (7168K), 7 survivors (7168K)
 Metaspace       used 107605K, capacity 110615K, committed 110800K, reserved 1144832K
  class space    used 14003K, capacity 15155K, committed 15180K, reserved 1048576K
GC Heap History (20 events):
Event: 73.349 GC heap after
{Heap after GC invocations=64 (full 0):
 garbage-first heap   total 270336K, used 229615K [0x0000000080000000, 0x0000000100000000)
  region size 1024K, 2 young (2048K), 2 survivors (2048K)
 Metaspace       used 105213K, capacity 108168K, committed 108368K, reserved 1142784K
  class space    used 13552K, capacity 14685K, committed 14796K, reserved 1048576K
}
Event: 73.445 GC heap before
{Heap before GC invocations=64 (full 0):
 garbage-first heap   total 270336K, used 243951K [0x0000000080000000, 0x0000000100000000)
  region size 1024K, 13 young (13312K), 2 survivors (2048K)
 Metaspace       used 105213K, capacity 108168K, committed 108368K, reserved 1142784K
  class space    used 13552K, capacity 14685K, committed 14796K, reserved 1048576K
}
Event: 73.475 GC heap after
{Heap after GC invocations=65 (full 0):
 garbage-first heap   total 270336K, used 238807K [0x0000000080000000, 0x0000000100000000)
  region size 1024K, 2 young (2048K), 2 survivors (2048K)
 Metaspace       used 105213K, capacity 108168K, committed 108368K, reserved 1142784K
  class space    used 13552K, capacity 14685K, committed 14796K, reserved 1048576K
}
Event: 73.650 GC heap before
{Heap before GC invocations=65 (full 0):
 garbage-first heap   total 270336K, used 250071K [0x0000000080000000, 0x0000000100000000)
  region size 1024K, 13 young (13312K), 2 survivors (2048K)
 Metaspace       used 105213K, capacity 108168K, committed 108368K, reserved 1142784K
  class space    used 13552K, capacity 14685K, committed 14796K, reserved 1048576K
}
Event: 73.683 GC heap after
{Heap after GC invocations=66 (full 0):
 garbage-first heap   total 324608K, used 243712K [0x0000000080000000, 0x0000000100000000)
  region size 1024K, 2 young (2048K), 2 survivors (2048K)
 Metaspace       used 105213K, capacity 108168K, committed 108368K, reserved 1142784K
  class space    used 13552K, capacity 14685K, committed 14796K, reserved 1048576K
}
Event: 73.938 GC heap before
{Heap before GC invocations=66 (full 0):
 garbage-first heap   total 324608K, used 263168K [0x0000000080000000, 0x0000000100000000)
  region size 1024K, 21 young (21504K), 2 survivors (2048K)
 Metaspace       used 105213K, capacity 108168K, committed 108368K, reserved 1142784K
  class space    used 13552K, capacity 14685K, committed 14796K, reserved 1048576K
}
Event: 73.988 GC heap after
{Heap after GC invocations=67 (full 0):
 garbage-first heap   total 324608K, used 253158K [0x0000000080000000, 0x0000000100000000)
  region size 1024K, 3 young (3072K), 3 survivors (3072K)
 Metaspace       used 105213K, capacity 108168K, committed 108368K, reserved 1142784K
  class space    used 13552K, capacity 14685K, committed 14796K, reserved 1048576K
}
Event: 75.562 GC heap before
{Heap before GC invocations=68 (full 0):
 garbage-first heap   total 324608K, used 269542K [0x0000000080000000, 0x0000000100000000)
  region size 1024K, 19 young (19456K), 3 survivors (3072K)
 Metaspace       used 107479K, capacity 110486K, committed 110544K, reserved 1144832K
  class space    used 14004K, capacity 15158K, committed 15180K, reserved 1048576K
}
Event: 75.602 GC heap after
{Heap after GC invocations=69 (full 0):
 garbage-first heap   total 324608K, used 258976K [0x0000000080000000, 0x0000000100000000)
  region size 1024K, 3 young (3072K), 3 survivors (3072K)
 Metaspace       used 107479K, capacity 110486K, committed 110544K, reserved 1144832K
  class space    used 14004K, capacity 15158K, committed 15180K, reserved 1048576K
}
Event: 75.846 GC heap before
{Heap before GC invocations=69 (full 0):
 garbage-first heap   total 324608K, used 274336K [0x0000000080000000, 0x0000000100000000)
  region size 1024K, 18 young (18432K), 3 survivors (3072K)
 Metaspace       used 107526K, capacity 110554K, committed 110800K, reserved 1144832K
  class space    used 14004K, capacity 15158K, committed 15180K, reserved 1048576K
}
Event: 75.875 GC heap after
{Heap after GC invocations=70 (full 0):
 garbage-first heap   total 324608K, used 267264K [0x0000000080000000, 0x0000000100000000)
  region size 1024K, 3 young (3072K), 3 survivors (3072K)
 Metaspace       used 107526K, capacity 110554K, committed 110800K, reserved 1144832K
  class space    used 14004K, capacity 15158K, committed 15180K, reserved 1048576K
}
Event: 76.487 GC heap before
{Heap before GC invocations=70 (full 0):
 garbage-first heap   total 324608K, used 279552K [0x0000000080000000, 0x0000000100000000)
  region size 1024K, 15 young (15360K), 3 survivors (3072K)
 Metaspace       used 107586K, capacity 110619K, committed 110800K, reserved 1144832K
  class space    used 14004K, capacity 15158K, committed 15180K, reserved 1048576K
}
Event: 76.525 GC heap after
{Heap after GC invocations=71 (full 0):
 garbage-first heap   total 524288K, used 274135K [0x0000000080000000, 0x0000000100000000)
  region size 1024K, 2 young (2048K), 2 survivors (2048K)
 Metaspace       used 107586K, capacity 110619K, committed 110800K, reserved 1144832K
  class space    used 14004K, capacity 15158K, committed 15180K, reserved 1048576K
}
Event: 78.692 GC heap before
{Heap before GC invocations=72 (full 0):
 garbage-first heap   total 524288K, used 337623K [0x0000000080000000, 0x0000000100000000)
  region size 1024K, 67 young (68608K), 2 survivors (2048K)
 Metaspace       used 107598K, capacity 110625K, committed 110800K, reserved 1144832K
  class space    used 14005K, capacity 15159K, committed 15180K, reserved 1048576K
}
Event: 78.789 GC heap after
{Heap after GC invocations=73 (full 0):
 garbage-first heap   total 524288K, used 305152K [0x0000000080000000, 0x0000000100000000)
  region size 1024K, 9 young (9216K), 9 survivors (9216K)
 Metaspace       used 107598K, capacity 110625K, committed 110800K, reserved 1144832K
  class space    used 14005K, capacity 15159K, committed 15180K, reserved 1048576K
}
Event: 80.038 GC heap before
{Heap before GC invocations=73 (full 0):
 garbage-first heap   total 524288K, used 365568K [0x0000000080000000, 0x0000000100000000)
  region size 1024K, 68 young (69632K), 9 survivors (9216K)
 Metaspace       used 107606K, capacity 110625K, committed 110800K, reserved 1144832K
  class space    used 14005K, capacity 15159K, committed 15180K, reserved 1048576K
}
Event: 80.145 GC heap after
{Heap after GC invocations=74 (full 0):
 garbage-first heap   total 524288K, used 335872K [0x0000000080000000, 0x0000000100000000)
  region size 1024K, 9 young (9216K), 9 survivors (9216K)
 Metaspace       used 107606K, capacity 110625K, committed 110800K, reserved 1144832K
  class space    used 14005K, capacity 15159K, committed 15180K, reserved 1048576K
}
Event: 81.974 GC heap before
{Heap before GC invocations=74 (full 0):
 garbage-first heap   total 524288K, used 387072K [0x0000000080000000, 0x0000000100000000)
  region size 1024K, 60 young (61440K), 9 survivors (9216K)
 Metaspace       used 107604K, capacity 110615K, committed 110800K, reserved 1144832K
  class space    used 14003K, capacity 15155K, committed 15180K, reserved 1048576K
}
Event: 82.095 GC heap after
{Heap after GC invocations=75 (full 0):
 garbage-first heap   total 524288K, used 363008K [0x0000000080000000, 0x0000000100000000)
  region size 1024K, 8 young (8192K), 8 survivors (8192K)
 Metaspace       used 107604K, capacity 110615K, committed 110800K, reserved 1144832K
  class space    used 14003K, capacity 15155K, committed 15180K, reserved 1048576K
}
Event: 82.986 GC heap before
{Heap before GC invocations=76 (full 0):
 garbage-first heap   total 524288K, used 404992K [0x0000000080000000, 0x0000000100000000)
  region size 1024K, 50 young (51200K), 8 survivors (8192K)
 Metaspace       used 107605K, capacity 110615K, committed 110800K, reserved 1144832K
  class space    used 14003K, capacity 15155K, committed 15180K, reserved 1048576K
}

