# JRE version: OpenJDK Runtime Environment (11.0.15) (build 11.0.15+0-b2043.56-8887301)
# Java VM: OpenJDK 64-Bit Server VM (11.0.15+0-b2043.56-8887301, mixed mode, tiered, compressed oops, g1 gc, windows-amd64)
Heap:
 garbage-first heap   total 790528K, used 397285K [0x0000000080000000, 0x0000000100000000)
  region size 1024K, 3 young (3072K), 3 survivors (3072K)
 Metaspace       used 165357K, capacity 172320K, committed 172592K, reserved 1198080K
  class space    used 20578K, capacity 23022K, committed 23168K, reserved 1048576K
GC Heap History (20 events):
Event: 5986.487 GC heap after
{Heap after GC invocations=346 (full 0):
 garbage-first heap   total 388096K, used 254570K [0x0000000080000000, 0x0000000100000000)
  region size 1024K, 2 young (2048K), 2 survivors (2048K)
 Metaspace       used 165108K, capacity 172036K, committed 172336K, reserved 1198080K
  class space    used 20567K, capacity 23014K, committed 23168K, reserved 1048576K
}
Event: 5986.803 GC heap before
{Heap before GC invocations=346 (full 0):
 garbage-first heap   total 388096K, used 269930K [0x0000000080000000, 0x0000000100000000)
  region size 1024K, 18 young (18432K), 2 survivors (2048K)
 Metaspace       used 165118K, capacity 172036K, committed 172336K, reserved 1198080K
  class space    used 20567K, capacity 23014K, committed 23168K, reserved 1048576K
}
Event: 5986.813 GC heap after
{Heap after GC invocations=347 (full 0):
 garbage-first heap   total 388096K, used 254423K [0x0000000080000000, 0x0000000100000000)
  region size 1024K, 1 young (1024K), 1 survivors (1024K)
 Metaspace       used 165118K, capacity 172036K, committed 172336K, reserved 1198080K
  class space    used 20567K, capacity 23014K, committed 23168K, reserved 1048576K
}
Event: 5987.400 GC heap before
{Heap before GC invocations=347 (full 0):
 garbage-first heap   total 388096K, used 280023K [0x0000000080000000, 0x0000000100000000)
  region size 1024K, 28 young (28672K), 1 survivors (1024K)
 Metaspace       used 165194K, capacity 172118K, committed 172336K, reserved 1198080K
  class space    used 20577K, capacity 23020K, committed 23168K, reserved 1048576K
}
Event: 5987.411 GC heap after
{Heap after GC invocations=348 (full 0):
 garbage-first heap   total 388096K, used 255371K [0x0000000080000000, 0x0000000100000000)
  region size 1024K, 2 young (2048K), 2 survivors (2048K)
 Metaspace       used 165194K, capacity 172118K, committed 172336K, reserved 1198080K
  class space    used 20577K, capacity 23020K, committed 23168K, reserved 1048576K
}
Event: 5988.575 GC heap before
{Heap before GC invocations=349 (full 0):
 garbage-first heap   total 388096K, used 344459K [0x0000000080000000, 0x0000000100000000)
  region size 1024K, 39 young (39936K), 2 survivors (2048K)
 Metaspace       used 165205K, capacity 172182K, committed 172336K, reserved 1198080K
  class space    used 20577K, capacity 23020K, committed 23168K, reserved 1048576K
}
Event: 5988.617 GC heap after
{Heap after GC invocations=350 (full 0):
 garbage-first heap   total 388096K, used 312576K [0x0000000080000000, 0x0000000100000000)
  region size 1024K, 6 young (6144K), 6 survivors (6144K)
 Metaspace       used 165205K, capacity 172182K, committed 172336K, reserved 1198080K
  class space    used 20577K, capacity 23020K, committed 23168K, reserved 1048576K
}
Event: 5989.124 GC heap before
{Heap before GC invocations=350 (full 0):
 garbage-first heap   total 388096K, used 356608K [0x0000000080000000, 0x0000000100000000)
  region size 1024K, 26 young (26624K), 6 survivors (6144K)
 Metaspace       used 165205K, capacity 172182K, committed 172336K, reserved 1198080K
  class space    used 20577K, capacity 23020K, committed 23168K, reserved 1048576K
}
Event: 5989.150 GC heap after
{Heap after GC invocations=351 (full 0):
 garbage-first heap   total 388096K, used 332854K [0x0000000080000000, 0x0000000100000000)
  region size 1024K, 4 young (4096K), 4 survivors (4096K)
 Metaspace       used 165205K, capacity 172182K, committed 172336K, reserved 1198080K
  class space    used 20577K, capacity 23020K, committed 23168K, reserved 1048576K
}
Event: 5989.264 GC heap before
{Heap before GC invocations=351 (full 0):
 garbage-first heap   total 388096K, used 346166K [0x0000000080000000, 0x0000000100000000)
  region size 1024K, 18 young (18432K), 4 survivors (4096K)
 Metaspace       used 165205K, capacity 172182K, committed 172336K, reserved 1198080K
  class space    used 20577K, capacity 23020K, committed 23168K, reserved 1048576K
}
Event: 5989.289 GC heap after
{Heap after GC invocations=352 (full 0):
 garbage-first heap   total 388096K, used 338657K [0x0000000080000000, 0x0000000100000000)
  region size 1024K, 3 young (3072K), 3 survivors (3072K)
 Metaspace       used 165205K, capacity 172182K, committed 172336K, reserved 1198080K
  class space    used 20577K, capacity 23020K, committed 23168K, reserved 1048576K
}
Event: 5989.519 GC heap before
{Heap before GC invocations=352 (full 0):
 garbage-first heap   total 388096K, used 356065K [0x0000000080000000, 0x0000000100000000)
  region size 1024K, 18 young (18432K), 3 survivors (3072K)
 Metaspace       used 165206K, capacity 172182K, committed 172336K, reserved 1198080K
  class space    used 20577K, capacity 23020K, committed 23168K, reserved 1048576K
}
Event: 5989.557 GC heap after
{Heap after GC invocations=353 (full 0):
 garbage-first heap   total 463872K, used 347722K [0x0000000080000000, 0x0000000100000000)
  region size 1024K, 3 young (3072K), 3 survivors (3072K)
 Metaspace       used 165206K, capacity 172182K, committed 172336K, reserved 1198080K
  class space    used 20577K, capacity 23020K, committed 23168K, reserved 1048576K
}
Event: 5989.837 GC heap before
{Heap before GC invocations=354 (full 0):
 garbage-first heap   total 463872K, used 373322K [0x0000000080000000, 0x0000000100000000)
  region size 1024K, 29 young (29696K), 3 survivors (3072K)
 Metaspace       used 165206K, capacity 172182K, committed 172336K, reserved 1198080K
  class space    used 20577K, capacity 23020K, committed 23168K, reserved 1048576K
}
Event: 5989.896 GC heap after
{Heap after GC invocations=355 (full 0):
 garbage-first heap   total 463872K, used 358199K [0x0000000080000000, 0x0000000100000000)
  region size 1024K, 5 young (5120K), 5 survivors (5120K)
 Metaspace       used 165206K, capacity 172182K, committed 172336K, reserved 1198080K
  class space    used 20577K, capacity 23020K, committed 23168K, reserved 1048576K
}
Event: 5990.151 GC heap before
{Heap before GC invocations=355 (full 0):
 garbage-first heap   total 463872K, used 389943K [0x0000000080000000, 0x0000000100000000)
  region size 1024K, 32 young (32768K), 5 survivors (5120K)
 Metaspace       used 165206K, capacity 172182K, committed 172336K, reserved 1198080K
  class space    used 20577K, capacity 23020K, committed 23168K, reserved 1048576K
}
Event: 5990.227 GC heap after
{Heap after GC invocations=356 (full 0):
 garbage-first heap   total 463872K, used 375808K [0x0000000080000000, 0x0000000100000000)
  region size 1024K, 4 young (4096K), 4 survivors (4096K)
 Metaspace       used 165206K, capacity 172182K, committed 172336K, reserved 1198080K
  class space    used 20577K, capacity 23020K, committed 23168K, reserved 1048576K
}
Event: 5990.876 GC heap before
{Heap before GC invocations=356 (full 0):
 garbage-first heap   total 463872K, used 395264K [0x0000000080000000, 0x0000000100000000)
  region size 1024K, 23 young (23552K), 4 survivors (4096K)
 Metaspace       used 165271K, capacity 172253K, committed 172592K, reserved 1198080K
  class space    used 20578K, capacity 23022K, committed 23168K, reserved 1048576K
}
Event: 5990.960 GC heap after
{Heap after GC invocations=357 (full 0):
 garbage-first heap   total 463872K, used 385536K [0x0000000080000000, 0x0000000100000000)
  region size 1024K, 3 young (3072K), 3 survivors (3072K)
 Metaspace       used 165271K, capacity 172253K, committed 172592K, reserved 1198080K
  class space    used 20578K, capacity 23022K, committed 23168K, reserved 1048576K
}
Event: 5991.514 GC heap before
{Heap before GC invocations=358 (full 0):
 garbage-first heap   total 463872K, used 404992K [0x0000000080000000, 0x0000000100000000)
  region size 1024K, 22 young (22528K), 3 survivors (3072K)
 Metaspace       used 165357K, capacity 172320K, committed 172592K, reserved 1198080K
  class space    used 20578K, capacity 23022K, committed 23168K, reserved 1048576K
}

