# JRE version: OpenJDK Runtime Environment (11.0.15) (build 11.0.15+0-b2043.56-8887301)
# Java VM: OpenJDK 64-Bit Server VM (11.0.15+0-b2043.56-8887301, mixed mode, tiered, compressed oops, g1 gc, windows-amd64)
Heap:
 garbage-first heap   total 760832K, used 364766K [0x0000000080000000, 0x0000000100000000)
  region size 1024K, 3 young (3072K), 3 survivors (3072K)
 Metaspace       used 128240K, capacity 132258K, committed 132432K, reserved 1163264K
  class space    used 16391K, capacity 17847K, committed 17920K, reserved 1048576K
GC Heap History (20 events):
Event: 86.601 GC heap after
{Heap after GC invocations=95 (full 0):
 garbage-first heap   total 317440K, used 294415K [0x0000000080000000, 0x0000000100000000)
  region size 1024K, 2 young (2048K), 2 survivors (2048K)
 Metaspace       used 126648K, capacity 130701K, committed 130768K, reserved 1163264K
  class space    used 16037K, capacity 17496K, committed 17536K, reserved 1048576K
}
Event: 86.670 GC heap before
{Heap before GC invocations=95 (full 0):
 garbage-first heap   total 333824K, used 332303K [0x0000000080000000, 0x0000000100000000)
  region size 1024K, 13 young (13312K), 2 survivors (2048K)
 Metaspace       used 126653K, capacity 130701K, committed 130768K, reserved 1163264K
  class space    used 16037K, capacity 17496K, committed 17536K, reserved 1048576K
}
Event: 86.675 GC heap after
{Heap after GC invocations=96 (full 0):
 garbage-first heap   total 339968K, used 306246K [0x0000000080000000, 0x0000000100000000)
  region size 1024K, 2 young (2048K), 2 survivors (2048K)
 Metaspace       used 126653K, capacity 130701K, committed 130768K, reserved 1163264K
  class space    used 16037K, capacity 17496K, committed 17536K, reserved 1048576K
}
Event: 87.026 GC heap before
{Heap before GC invocations=96 (full 0):
 garbage-first heap   total 339968K, used 323654K [0x0000000080000000, 0x0000000100000000)
  region size 1024K, 16 young (16384K), 2 survivors (2048K)
 Metaspace       used 126995K, capacity 130997K, committed 131024K, reserved 1163264K
  class space    used 16081K, capacity 17530K, committed 17536K, reserved 1048576K
}
Event: 87.042 GC heap after
{Heap after GC invocations=97 (full 0):
 garbage-first heap   total 339968K, used 314243K [0x0000000080000000, 0x0000000100000000)
  region size 1024K, 2 young (2048K), 2 survivors (2048K)
 Metaspace       used 126995K, capacity 130997K, committed 131024K, reserved 1163264K
  class space    used 16081K, capacity 17530K, committed 17536K, reserved 1048576K
}
Event: 87.622 GC heap before
{Heap before GC invocations=98 (full 0):
 garbage-first heap   total 339968K, used 327555K [0x0000000080000000, 0x0000000100000000)
  region size 1024K, 16 young (16384K), 2 survivors (2048K)
 Metaspace       used 126995K, capacity 130997K, committed 131024K, reserved 1163264K
  class space    used 16081K, capacity 17530K, committed 17536K, reserved 1048576K
}
Event: 87.650 GC heap after
{Heap after GC invocations=99 (full 0):
 garbage-first heap   total 339968K, used 320611K [0x0000000080000000, 0x0000000100000000)
  region size 1024K, 2 young (2048K), 2 survivors (2048K)
 Metaspace       used 126995K, capacity 130997K, committed 131024K, reserved 1163264K
  class space    used 16081K, capacity 17530K, committed 17536K, reserved 1048576K
}
Event: 87.916 GC heap before
{Heap before GC invocations=99 (full 0):
 garbage-first heap   total 339968K, used 328803K [0x0000000080000000, 0x0000000100000000)
  region size 1024K, 11 young (11264K), 2 survivors (2048K)
 Metaspace       used 126995K, capacity 130997K, committed 131024K, reserved 1163264K
  class space    used 16081K, capacity 17530K, committed 17536K, reserved 1048576K
}
Event: 87.937 GC heap after
{Heap after GC invocations=100 (full 0):
 garbage-first heap   total 339968K, used 324196K [0x0000000080000000, 0x0000000100000000)
  region size 1024K, 2 young (2048K), 2 survivors (2048K)
 Metaspace       used 126995K, capacity 130997K, committed 131024K, reserved 1163264K
  class space    used 16081K, capacity 17530K, committed 17536K, reserved 1048576K
}
Event: 88.215 GC heap before
{Heap before GC invocations=100 (full 0):
 garbage-first heap   total 339968K, used 338532K [0x0000000080000000, 0x0000000100000000)
  region size 1024K, 15 young (15360K), 2 survivors (2048K)
 Metaspace       used 126995K, capacity 130997K, committed 131024K, reserved 1163264K
  class space    used 16081K, capacity 17530K, committed 17536K, reserved 1048576K
}
Event: 88.246 GC heap after
{Heap after GC invocations=101 (full 0):
 garbage-first heap   total 348160K, used 332228K [0x0000000080000000, 0x0000000100000000)
  region size 1024K, 2 young (2048K), 2 survivors (2048K)
 Metaspace       used 126995K, capacity 130997K, committed 131024K, reserved 1163264K
  class space    used 16081K, capacity 17530K, committed 17536K, reserved 1048576K
}
Event: 88.566 GC heap before
{Heap before GC invocations=101 (full 0):
 garbage-first heap   total 348160K, used 346564K [0x0000000080000000, 0x0000000100000000)
  region size 1024K, 17 young (17408K), 2 survivors (2048K)
 Metaspace       used 126995K, capacity 130997K, committed 131024K, reserved 1163264K
  class space    used 16081K, capacity 17530K, committed 17536K, reserved 1048576K
}
Event: 88.600 GC heap after
{Heap after GC invocations=102 (full 0):
 garbage-first heap   total 425984K, used 337920K [0x0000000080000000, 0x0000000100000000)
  region size 1024K, 3 young (3072K), 3 survivors (3072K)
 Metaspace       used 126995K, capacity 130997K, committed 131024K, reserved 1163264K
  class space    used 16081K, capacity 17530K, committed 17536K, reserved 1048576K
}
Event: 88.990 GC heap before
{Heap before GC invocations=102 (full 0):
 garbage-first heap   total 425984K, used 360448K [0x0000000080000000, 0x0000000100000000)
  region size 1024K, 21 young (21504K), 3 survivors (3072K)
 Metaspace       used 126995K, capacity 130997K, committed 131024K, reserved 1163264K
  class space    used 16081K, capacity 17530K, committed 17536K, reserved 1048576K
}
Event: 89.043 GC heap after
{Heap after GC invocations=103 (full 0):
 garbage-first heap   total 425984K, used 349619K [0x0000000080000000, 0x0000000100000000)
  region size 1024K, 3 young (3072K), 3 survivors (3072K)
 Metaspace       used 126995K, capacity 130997K, committed 131024K, reserved 1163264K
  class space    used 16081K, capacity 17530K, committed 17536K, reserved 1048576K
}
Event: 89.225 GC heap before
{Heap before GC invocations=104 (full 0):
 garbage-first heap   total 425984K, used 366003K [0x0000000080000000, 0x0000000100000000)
  region size 1024K, 20 young (20480K), 3 survivors (3072K)
 Metaspace       used 126995K, capacity 130997K, committed 131024K, reserved 1163264K
  class space    used 16081K, capacity 17530K, committed 17536K, reserved 1048576K
}
Event: 89.276 GC heap after
{Heap after GC invocations=105 (full 0):
 garbage-first heap   total 425984K, used 357364K [0x0000000080000000, 0x0000000100000000)
  region size 1024K, 3 young (3072K), 3 survivors (3072K)
 Metaspace       used 126995K, capacity 130997K, committed 131024K, reserved 1163264K
  class space    used 16081K, capacity 17530K, committed 17536K, reserved 1048576K
}
Event: 89.289 GC heap before
{Heap before GC invocations=105 (full 0):
 garbage-first heap   total 425984K, used 359412K [0x0000000080000000, 0x0000000100000000)
  region size 1024K, 6 young (6144K), 3 survivors (3072K)
 Metaspace       used 126995K, capacity 130997K, committed 131024K, reserved 1163264K
  class space    used 16081K, capacity 17530K, committed 17536K, reserved 1048576K
}
Event: 89.315 GC heap after
{Heap after GC invocations=106 (full 0):
 garbage-first heap   total 425984K, used 359053K [0x0000000080000000, 0x0000000100000000)
  region size 1024K, 1 young (1024K), 1 survivors (1024K)
 Metaspace       used 126995K, capacity 130997K, committed 131024K, reserved 1163264K
  class space    used 16081K, capacity 17530K, committed 17536K, reserved 1048576K
}
Event: 90.185 GC heap before
{Heap before GC invocations=106 (full 0):
 garbage-first heap   total 425984K, used 377485K [0x0000000080000000, 0x0000000100000000)
  region size 1024K, 20 young (20480K), 1 survivors (1024K)
 Metaspace       used 128240K, capacity 132258K, committed 132432K, reserved 1163264K
  class space    used 16391K, capacity 17847K, committed 17920K, reserved 1048576K
}

