# JRE version: OpenJDK Runtime Environment (11.0.15) (build 11.0.15+0-b2043.56-8887301)
# Java VM: OpenJDK 64-Bit Server VM (11.0.15+0-b2043.56-8887301, mixed mode, tiered, compressed oops, g1 gc, windows-amd64)
Heap:
 garbage-first heap   total 138240K, used 93969K [0x0000000080000000, 0x0000000100000000)
  region size 1024K, 24 young (24576K), 5 survivors (5120K)
 Metaspace       used 79453K, capacity 81421K, committed 81616K, reserved 1120256K
  class space    used 10278K, capacity 11047K, committed 11084K, reserved 1048576K
GC Heap History (20 events):
Event: 34.638 GC heap before
{Heap before GC invocations=22 (full 0):
 garbage-first heap   total 114688K, used 88173K [0x0000000080000000, 0x0000000100000000)
  region size 1024K, 26 young (26624K), 4 survivors (4096K)
 Metaspace       used 63758K, capacity 65431K, committed 65744K, reserved 1105920K
  class space    used 8006K, capacity 8661K, committed 8780K, reserved 1048576K
}
Event: 34.646 GC heap after
{Heap after GC invocations=23 (full 0):
 garbage-first heap   total 114688K, used 61740K [0x0000000080000000, 0x0000000100000000)
  region size 1024K, 2 young (2048K), 2 survivors (2048K)
 Metaspace       used 63758K, capacity 65431K, committed 65744K, reserved 1105920K
  class space    used 8006K, capacity 8661K, committed 8780K, reserved 1048576K
}
Event: 35.494 GC heap before
{Heap before GC invocations=23 (full 0):
 garbage-first heap   total 114688K, used 86316K [0x0000000080000000, 0x0000000100000000)
  region size 1024K, 26 young (26624K), 2 survivors (2048K)
 Metaspace       used 65290K, capacity 67012K, committed 67152K, reserved 1107968K
  class space    used 8197K, capacity 8864K, committed 8908K, reserved 1048576K
}
Event: 35.502 GC heap after
{Heap after GC invocations=24 (full 0):
 garbage-first heap   total 114688K, used 62996K [0x0000000080000000, 0x0000000100000000)
  region size 1024K, 3 young (3072K), 3 survivors (3072K)
 Metaspace       used 65290K, capacity 67012K, committed 67152K, reserved 1107968K
  class space    used 8197K, capacity 8864K, committed 8908K, reserved 1048576K
}
Event: 36.522 GC heap before
{Heap before GC invocations=25 (full 0):
 garbage-first heap   total 114688K, used 87572K [0x0000000080000000, 0x0000000100000000)
  region size 1024K, 28 young (28672K), 3 survivors (3072K)
 Metaspace       used 67636K, capacity 69280K, committed 69584K, reserved 1110016K
  class space    used 8517K, capacity 9184K, committed 9292K, reserved 1048576K
}
Event: 36.532 GC heap after
{Heap after GC invocations=26 (full 0):
 garbage-first heap   total 114688K, used 63069K [0x0000000080000000, 0x0000000100000000)
  region size 1024K, 3 young (3072K), 3 survivors (3072K)
 Metaspace       used 67636K, capacity 69280K, committed 69584K, reserved 1110016K
  class space    used 8517K, capacity 9184K, committed 9292K, reserved 1048576K
}
Event: 37.496 GC heap before
{Heap before GC invocations=26 (full 0):
 garbage-first heap   total 114688K, used 89693K [0x0000000080000000, 0x0000000100000000)
  region size 1024K, 29 young (29696K), 3 survivors (3072K)
 Metaspace       used 69405K, capacity 71162K, committed 71376K, reserved 1112064K
  class space    used 8729K, capacity 9423K, committed 9548K, reserved 1048576K
}
Event: 37.510 GC heap after
{Heap after GC invocations=27 (full 0):
 garbage-first heap   total 114688K, used 64797K [0x0000000080000000, 0x0000000100000000)
  region size 1024K, 3 young (3072K), 3 survivors (3072K)
 Metaspace       used 69405K, capacity 71162K, committed 71376K, reserved 1112064K
  class space    used 8729K, capacity 9423K, committed 9548K, reserved 1048576K
}
Event: 38.144 GC heap before
{Heap before GC invocations=28 (full 0):
 garbage-first heap   total 114688K, used 90397K [0x0000000080000000, 0x0000000100000000)
  region size 1024K, 28 young (28672K), 3 survivors (3072K)
 Metaspace       used 69557K, capacity 71260K, committed 71376K, reserved 1112064K
  class space    used 8762K, capacity 9433K, committed 9548K, reserved 1048576K
}
Event: 38.156 GC heap after
{Heap after GC invocations=29 (full 0):
 garbage-first heap   total 114688K, used 66629K [0x0000000080000000, 0x0000000100000000)
  region size 1024K, 4 young (4096K), 4 survivors (4096K)
 Metaspace       used 69557K, capacity 71260K, committed 71376K, reserved 1112064K
  class space    used 8762K, capacity 9433K, committed 9548K, reserved 1048576K
}
Event: 38.801 GC heap before
{Heap before GC invocations=29 (full 0):
 garbage-first heap   total 114688K, used 92229K [0x0000000080000000, 0x0000000100000000)
  region size 1024K, 29 young (29696K), 4 survivors (4096K)
 Metaspace       used 69971K, capacity 71788K, committed 71888K, reserved 1112064K
  class space    used 8808K, capacity 9502K, committed 9548K, reserved 1048576K
}
Event: 38.812 GC heap after
{Heap after GC invocations=30 (full 0):
 garbage-first heap   total 114688K, used 68327K [0x0000000080000000, 0x0000000100000000)
  region size 1024K, 4 young (4096K), 4 survivors (4096K)
 Metaspace       used 69971K, capacity 71788K, committed 71888K, reserved 1112064K
  class space    used 8808K, capacity 9502K, committed 9548K, reserved 1048576K
}
Event: 40.035 GC heap before
{Heap before GC invocations=31 (full 0):
 garbage-first heap   total 114688K, used 91879K [0x0000000080000000, 0x0000000100000000)
  region size 1024K, 28 young (28672K), 4 survivors (4096K)
 Metaspace       used 72800K, capacity 74606K, committed 74960K, reserved 1114112K
  class space    used 9231K, capacity 9950K, committed 10060K, reserved 1048576K
}
Event: 40.049 GC heap after
{Heap after GC invocations=32 (full 0):
 garbage-first heap   total 114688K, used 69801K [0x0000000080000000, 0x0000000100000000)
  region size 1024K, 4 young (4096K), 4 survivors (4096K)
 Metaspace       used 72800K, capacity 74606K, committed 74960K, reserved 1114112K
  class space    used 9231K, capacity 9950K, committed 10060K, reserved 1048576K
}
Event: 41.387 GC heap before
{Heap before GC invocations=32 (full 0):
 garbage-first heap   total 114688K, used 94377K [0x0000000080000000, 0x0000000100000000)
  region size 1024K, 28 young (28672K), 4 survivors (4096K)
 Metaspace       used 75688K, capacity 77569K, committed 77776K, reserved 1116160K
  class space    used 9751K, capacity 10462K, committed 10572K, reserved 1048576K
}
Event: 41.398 GC heap after
{Heap after GC invocations=33 (full 0):
 garbage-first heap   total 114688K, used 71277K [0x0000000080000000, 0x0000000100000000)
  region size 1024K, 3 young (3072K), 3 survivors (3072K)
 Metaspace       used 75688K, capacity 77569K, committed 77776K, reserved 1116160K
  class space    used 9751K, capacity 10462K, committed 10572K, reserved 1048576K
}
Event: 42.353 GC heap before
{Heap before GC invocations=34 (full 0):
 garbage-first heap   total 114688K, used 94829K [0x0000000080000000, 0x0000000100000000)
  region size 1024K, 27 young (27648K), 3 survivors (3072K)
 Metaspace       used 76876K, capacity 78730K, committed 78928K, reserved 1118208K
  class space    used 9906K, capacity 10631K, committed 10700K, reserved 1048576K
}
Event: 42.364 GC heap after
{Heap after GC invocations=35 (full 0):
 garbage-first heap   total 138240K, used 72900K [0x0000000080000000, 0x0000000100000000)
  region size 1024K, 3 young (3072K), 3 survivors (3072K)
 Metaspace       used 76876K, capacity 78730K, committed 78928K, reserved 1118208K
  class space    used 9906K, capacity 10631K, committed 10700K, reserved 1048576K
}
Event: 43.577 GC heap before
{Heap before GC invocations=35 (full 0):
 garbage-first heap   total 138240K, used 106692K [0x0000000080000000, 0x0000000100000000)
  region size 1024K, 36 young (36864K), 3 survivors (3072K)
 Metaspace       used 77791K, capacity 79688K, committed 79824K, reserved 1118208K
  class space    used 10047K, capacity 10799K, committed 10828K, reserved 1048576K
}
Event: 43.596 GC heap after
{Heap after GC invocations=36 (full 0):
 garbage-first heap   total 138240K, used 75537K [0x0000000080000000, 0x0000000100000000)
  region size 1024K, 5 young (5120K), 5 survivors (5120K)
 Metaspace       used 77791K, capacity 79688K, committed 79824K, reserved 1118208K
  class space    used 10047K, capacity 10799K, committed 10828K, reserved 1048576K
}

